==15684== Memcheck, a memory error detector
==15684== Copyright (C) 2002-2022, and GNU GPL'd, by Julian Seward et al.
==15684== Using Valgrind-3.19.0 and LibVEX; rerun with -h for copyright info
==15684== Command: ./juego
==15684== 
==15684== 
==15684== HEAP SUMMARY:
==15684==     in use at exit: 1,233 bytes in 20 blocks
==15684==   total heap usage: 262 allocs, 242 frees, 155,445 bytes allocated
==15684== 
==15684== 128 bytes in 3 blocks are indirectly lost in loss record 1 of 8
==15684==    at 0x4841F2F: operator new(unsigned long) (vg_replace_malloc.c:422)
==15684==    by 0x114CE2: std::__new_allocator<char>::allocate(unsigned long, void const*) (new_allocator.h:137)
==15684==    by 0x1144FB: allocate (allocator.h:188)
==15684==    by 0x1144FB: std::allocator_traits<std::allocator<char> >::allocate(std::allocator<char>&, unsigned long) (alloc_traits.h:464)
==15684==    by 0x113EA3: std::__cxx11::basic_string<char, std::char_traits<char>, std::allocator<char> >::_M_create(unsigned long&, unsigned long) (basic_string.tcc:155)
==15684==    by 0x114582: std::__cxx11::basic_string<char, std::char_traits<char>, std::allocator<char> >::_M_assign(std::__cxx11::basic_string<char, std::char_traits<char>, std::allocator<char> > const&) (basic_string.tcc:284)
==15684==    by 0x113D69: std::__cxx11::basic_string<char, std::char_traits<char>, std::allocator<char> >::assign(std::__cxx11::basic_string<char, std::char_traits<char>, std::allocator<char> > const&) (basic_string.h:1571)
==15684==    by 0x11336C: std::__cxx11::basic_string<char, std::char_traits<char>, std::allocator<char> >::operator=(std::__cxx11::basic_string<char, std::char_traits<char>, std::allocator<char> > const&) (basic_string.h:805)
==15684==    by 0x10CFB9: leer_eventos_globales_impl(std::__cxx11::basic_string<char, std::char_traits<char>, std::allocator<char> >, int&) (TAREA2.cpp:115)
==15684==    by 0x10DCAE: leer_habitaciones(std::__cxx11::basic_string<char, std::char_traits<char>, std::allocator<char> >, int&, ArbolTernario&) (TAREA2.cpp:181)
==15684==    by 0x11092F: main (TAREA2.cpp:554)
==15684== 
==15684== 144 bytes in 3 blocks are indirectly lost in loss record 2 of 8
==15684==    at 0x4841F2F: operator new(unsigned long) (vg_replace_malloc.c:422)
==15684==    by 0x10CAFD: leer_enemigos_globales_impl(std::__cxx11::basic_string<char, std::char_traits<char>, std::allocator<char> >, int&) (TAREA2.cpp:84)
==15684==    by 0x10DC5F: leer_habitaciones(std::__cxx11::basic_string<char, std::char_traits<char>, std::allocator<char> >, int&, ArbolTernario&) (TAREA2.cpp:179)
==15684==    by 0x11092F: main (TAREA2.cpp:554)
==15684== 
==15684== 148 bytes in 3 blocks are indirectly lost in loss record 3 of 8
==15684==    at 0x4841F2F: operator new(unsigned long) (vg_replace_malloc.c:422)
==15684==    by 0x114CE2: std::__new_allocator<char>::allocate(unsigned long, void const*) (new_allocator.h:137)
==15684==    by 0x1144FB: allocate (allocator.h:188)
==15684==    by 0x1144FB: std::allocator_traits<std::allocator<char> >::allocate(std::allocator<char>&, unsigned long) (alloc_traits.h:464)
==15684==    by 0x113EA3: std::__cxx11::basic_string<char, std::char_traits<char>, std::allocator<char> >::_M_create(unsigned long&, unsigned long) (basic_string.tcc:155)
==15684==    by 0x114AE6: std::__cxx11::basic_string<char, std::char_traits<char>, std::allocator<char> >::_M_mutate(unsigned long, unsigned long, char const*, unsigned long) (basic_string.tcc:328)
==15684==    by 0x114415: std::__cxx11::basic_string<char, std::char_traits<char>, std::allocator<char> >::_M_append(char const*, unsigned long) (basic_string.tcc:420)
==15684==    by 0x114110: std::__cxx11::basic_string<char, std::char_traits<char>, std::allocator<char> >::append(char const*, unsigned long) (basic_string.h:1422)
==15684==    by 0x113932: std::__cxx11::basic_string<char, std::char_traits<char>, std::allocator<char> >::append(std::__cxx11::basic_string<char, std::char_traits<char>, std::allocator<char> > const&) (basic_string.h:1388)
==15684==    by 0x1134C0: std::__cxx11::basic_string<char, std::char_traits<char>, std::allocator<char> >::operator+=(std::__cxx11::basic_string<char, std::char_traits<char>, std::allocator<char> > const&) (basic_string.h:1330)
==15684==    by 0x10D111: leer_eventos_globales_impl(std::__cxx11::basic_string<char, std::char_traits<char>, std::allocator<char> >, int&) (TAREA2.cpp:123)
==15684==    by 0x10DCAE: leer_habitaciones(std::__cxx11::basic_string<char, std::char_traits<char>, std::allocator<char> >, int&, ArbolTernario&) (TAREA2.cpp:181)
==15684==    by 0x11092F: main (TAREA2.cpp:554)
==15684== 
==15684== 168 (24 direct, 144 indirect) bytes in 1 blocks are definitely lost in loss record 4 of 8
==15684==    at 0x484320F: operator new[](unsigned long) (vg_replace_malloc.c:640)
==15684==    by 0x10C9D2: leer_enemigos_globales_impl(std::__cxx11::basic_string<char, std::char_traits<char>, std::allocator<char> >, int&) (TAREA2.cpp:73)
==15684==    by 0x10DC5F: leer_habitaciones(std::__cxx11::basic_string<char, std::char_traits<char>, std::allocator<char> >, int&, ArbolTernario&) (TAREA2.cpp:179)
==15684==    by 0x11092F: main (TAREA2.cpp:554)
==15684== 
==15684== 189 bytes in 3 blocks are indirectly lost in loss record 5 of 8
==15684==    at 0x4841F2F: operator new(unsigned long) (vg_replace_malloc.c:422)
==15684==    by 0x114CE2: std::__new_allocator<char>::allocate(unsigned long, void const*) (new_allocator.h:137)
==15684==    by 0x1144FB: allocate (allocator.h:188)
==15684==    by 0x1144FB: std::allocator_traits<std::allocator<char> >::allocate(std::allocator<char>&, unsigned long) (alloc_traits.h:464)
==15684==    by 0x113EA3: std::__cxx11::basic_string<char, std::char_traits<char>, std::allocator<char> >::_M_create(unsigned long&, unsigned long) (basic_string.tcc:155)
==15684==    by 0x114AE6: std::__cxx11::basic_string<char, std::char_traits<char>, std::allocator<char> >::_M_mutate(unsigned long, unsigned long, char const*, unsigned long) (basic_string.tcc:328)
==15684==    by 0x114415: std::__cxx11::basic_string<char, std::char_traits<char>, std::allocator<char> >::_M_append(char const*, unsigned long) (basic_string.tcc:420)
==15684==    by 0x114110: std::__cxx11::basic_string<char, std::char_traits<char>, std::allocator<char> >::append(char const*, unsigned long) (basic_string.h:1422)
==15684==    by 0x113932: std::__cxx11::basic_string<char, std::char_traits<char>, std::allocator<char> >::append(std::__cxx11::basic_string<char, std::char_traits<char>, std::allocator<char> > const&) (basic_string.h:1388)
==15684==    by 0x1134C0: std::__cxx11::basic_string<char, std::char_traits<char>, std::allocator<char> >::operator+=(std::__cxx11::basic_string<char, std::char_traits<char>, std::allocator<char> > const&) (basic_string.h:1330)
==15684==    by 0x10D561: leer_eventos_globales_impl(std::__cxx11::basic_string<char, std::char_traits<char>, std::allocator<char> >, int&) (TAREA2.cpp:142)
==15684==    by 0x10DCAE: leer_habitaciones(std::__cxx11::basic_string<char, std::char_traits<char>, std::allocator<char> >, int&, ArbolTernario&) (TAREA2.cpp:181)
==15684==    by 0x11092F: main (TAREA2.cpp:554)
==15684== 
==15684== 264 bytes in 3 blocks are indirectly lost in loss record 6 of 8
==15684==    at 0x4841F2F: operator new(unsigned long) (vg_replace_malloc.c:422)
==15684==    by 0x10CEE1: leer_eventos_globales_impl(std::__cxx11::basic_string<char, std::char_traits<char>, std::allocator<char> >, int&) (TAREA2.cpp:110)
==15684==    by 0x10DCAE: leer_habitaciones(std::__cxx11::basic_string<char, std::char_traits<char>, std::allocator<char> >, int&, ArbolTernario&) (TAREA2.cpp:181)
==15684==    by 0x11092F: main (TAREA2.cpp:554)
==15684== 
==15684== 312 bytes in 3 blocks are indirectly lost in loss record 7 of 8
==15684==    at 0x484320F: operator new[](unsigned long) (vg_replace_malloc.c:640)
==15684==    by 0x10CFC3: leer_eventos_globales_impl(std::__cxx11::basic_string<char, std::char_traits<char>, std::allocator<char> >, int&) (TAREA2.cpp:117)
==15684==    by 0x10DCAE: leer_habitaciones(std::__cxx11::basic_string<char, std::char_traits<char>, std::allocator<char> >, int&, ArbolTernario&) (TAREA2.cpp:181)
==15684==    by 0x11092F: main (TAREA2.cpp:554)
==15684== 
==15684== 1,065 (24 direct, 1,041 indirect) bytes in 1 blocks are definitely lost in loss record 8 of 8
==15684==    at 0x484320F: operator new[](unsigned long) (vg_replace_malloc.c:640)
==15684==    by 0x10CDE6: leer_eventos_globales_impl(std::__cxx11::basic_string<char, std::char_traits<char>, std::allocator<char> >, int&) (TAREA2.cpp:102)
==15684==    by 0x10DCAE: leer_habitaciones(std::__cxx11::basic_string<char, std::char_traits<char>, std::allocator<char> >, int&, ArbolTernario&) (TAREA2.cpp:181)
==15684==    by 0x11092F: main (TAREA2.cpp:554)
==15684== 
==15684== LEAK SUMMARY:
==15684==    definitely lost: 48 bytes in 2 blocks
==15684==    indirectly lost: 1,185 bytes in 18 blocks
==15684==      possibly lost: 0 bytes in 0 blocks
==15684==    still reachable: 0 bytes in 0 blocks
==15684==         suppressed: 0 bytes in 0 blocks
==15684== 
==15684== For lists of detected and suppressed errors, rerun with: -s
==15684== ERROR SUMMARY: 2 errors from 2 contexts (suppressed: 0 from 0)
